<?xml version="1.0" encoding="UTF-8"?>
<testsuite name="model.CartaoTest" tests="3" skipped="0" failures="0" errors="0" timestamp="2020-09-18T04:25:49" hostname="DESKTOP-9BOVOCL" time="0.017">
  <properties/>
  <testcase name="validarBandeira()" classname="model.CartaoTest" time="0.01"/>
  <testcase name="validarNumeroCartao()" classname="model.CartaoTest" time="0.006"/>
  <testcase name="eNumero()" classname="model.CartaoTest" time="0.0"/>
  <system-out><![CDATA[]]></system-out>
  <system-err><![CDATA[]]></system-err>
</testsuite>
